{"command": "diagnostics", "json": false, "level": "INFO", "message": "CLI invoked", "timestamp": "2025-12-22T15:45:11.562574Z"}
{"level": "INFO", "message": "--- Diagnostics Run ---", "timestamp": "2025-12-22T15:45:11.570014Z"}
{"level": "INFO", "message": "Diagnostic check", "name": "python_version", "ok": true, "timestamp": "2025-12-22T15:45:11.584945Z"}
{"level": "INFO", "message": "Diagnostic check", "name": "virtual_environment", "ok": true, "timestamp": "2025-12-22T15:45:11.591721Z"}
{"level": "INFO", "message": "Diagnostic check", "name": "project_paths", "ok": true, "timestamp": "2025-12-22T15:45:11.601323Z"}
{"level": "INFO", "message": "Diagnostic check", "name": "platform", "ok": true, "timestamp": "2025-12-22T15:45:11.612256Z"}
{"command": "update", "json": false, "level": "INFO", "message": "CLI invoked", "timestamp": "2025-12-22T15:45:11.794219Z"}
{"level": "INFO", "message": "--- Updater Run ---", "timestamp": "2025-12-22T15:45:11.801110Z"}
{"dry_run": true, "init_created_count": 3, "level": "INFO", "message": "Updater completed", "timestamp": "2025-12-22T15:45:22.057220Z"}
{"command": "repair", "json": false, "level": "INFO", "message": "CLI invoked", "timestamp": "2025-12-22T15:45:22.239564Z"}
{"level": "INFO", "message": "--- Repair Run ---", "timestamp": "2025-12-22T15:45:22.246876Z"}
{"level": "INFO", "message": "Repair step", "name": "logs_directory", "ok": true, "path": "/mnt/c/The Veil/trident/logs", "timestamp": "2025-12-22T15:45:22.265341Z"}
{"level": "INFO", "message": "Repair step", "name": "permissions_check", "ok": true, "path": "/mnt/c/The Veil/trident", "timestamp": "2025-12-22T15:45:22.272360Z"}
{"level": "INFO", "message": "Repair completed successfully", "overall_ok": true, "timestamp": "2025-12-22T15:45:22.282192Z"}
{"command": "diagnostics", "json": false, "level": "INFO", "message": "CLI invoked", "timestamp": "2025-12-22T16:24:05.743364Z"}
{"level": "INFO", "message": "--- Diagnostics Run ---", "timestamp": "2025-12-22T16:24:05.750198Z"}
{"level": "INFO", "message": "Diagnostic check", "name": "python_version", "ok": true, "timestamp": "2025-12-22T16:24:05.764787Z"}
{"level": "INFO", "message": "Diagnostic check", "name": "virtual_environment", "ok": true, "timestamp": "2025-12-22T16:24:05.772251Z"}
{"level": "INFO", "message": "Diagnostic check", "name": "project_paths", "ok": true, "timestamp": "2025-12-22T16:24:05.782122Z"}
{"level": "INFO", "message": "Diagnostic check", "name": "platform", "ok": true, "timestamp": "2025-12-22T16:24:05.790056Z"}
{"command": "repair", "json": false, "level": "INFO", "message": "CLI invoked", "timestamp": "2025-12-22T16:24:05.998427Z"}
{"level": "INFO", "message": "--- Repair Run ---", "timestamp": "2025-12-22T16:24:06.005088Z"}
{"level": "INFO", "message": "Repair step", "name": "logs_directory", "ok": true, "path": "/mnt/c/The Veil/trident/logs", "timestamp": "2025-12-22T16:24:06.022251Z"}
{"level": "INFO", "message": "Repair step", "name": "permissions_check", "ok": true, "path": "/mnt/c/The Veil/trident", "timestamp": "2025-12-22T16:24:06.028724Z"}
{"level": "INFO", "message": "Repair completed successfully", "overall_ok": true, "timestamp": "2025-12-22T16:24:06.036541Z"}
{"command": "update", "json": false, "level": "INFO", "message": "CLI invoked", "timestamp": "2025-12-22T16:24:06.241673Z"}
{"level": "INFO", "message": "--- Updater Run ---", "timestamp": "2025-12-22T16:24:06.248069Z"}
{"dry_run": true, "init_created_count": 3, "level": "INFO", "message": "Updater completed", "timestamp": "2025-12-22T16:24:20.295515Z"}
